<?xml version="1.0" encoding="UTF-8"?>
<testsuite name="tests.ProjectsUnitTest" tests="3" skipped="0" failures="0" errors="0" timestamp="2023-12-10T20:41:20" hostname="DESKTOP-U7HGV34" time="0.004">
  <properties/>
  <testcase name="testFileReading()" classname="tests.ProjectsUnitTest" time="0.002"/>
  <testcase name="testFileWriting()" classname="tests.ProjectsUnitTest" time="0.001"/>
  <testcase name="testCreateProjectPanel()" classname="tests.ProjectsUnitTest" time="0.0"/>
  <system-out><![CDATA[]]></system-out>
  <system-err><![CDATA[]]></system-err>
</testsuite>
