<?xml version="1.0" encoding="UTF-8"?>
<testsuite name="tests.ContentDataLabelTest" tests="1" skipped="0" failures="0" errors="0" timestamp="2023-12-10T20:41:19" hostname="DESKTOP-U7HGV34" time="0.025">
  <properties/>
  <testcase name="testSetDueDate()" classname="tests.ContentDataLabelTest" time="0.025"/>
  <system-out><![CDATA[]]></system-out>
  <system-err><![CDATA[]]></system-err>
</testsuite>
