<?xml version="1.0" encoding="UTF-8"?>
<testsuite name="tests.MenuOptionTests" tests="7" skipped="0" failures="0" errors="0" timestamp="2023-12-10T20:41:20" hostname="DESKTOP-U7HGV34" time="0.783">
  <properties/>
  <testcase name="testTaskListClick()" classname="tests.MenuOptionTests" time="0.213"/>
  <testcase name="testProjectIdeasClick()" classname="tests.MenuOptionTests" time="0.109"/>
  <testcase name="testGroceryListClick()" classname="tests.MenuOptionTests" time="0.092"/>
  <testcase name="testCalendarClick()" classname="tests.MenuOptionTests" time="0.109"/>
  <testcase name="testReadingJournalClick()" classname="tests.MenuOptionTests" time="0.091"/>
  <testcase name="testNotesPanelClick()" classname="tests.MenuOptionTests" time="0.078"/>
  <testcase name="testWishlistClick()" classname="tests.MenuOptionTests" time="0.087"/>
  <system-out><![CDATA[]]></system-out>
  <system-err><![CDATA[]]></system-err>
</testsuite>
