<?xml version="1.0" encoding="UTF-8"?>
<testsuite name="tests.IntegrationTests" tests="1" skipped="0" failures="0" errors="0" timestamp="2023-12-10T20:41:19" hostname="DESKTOP-U7HGV34" time="0.176">
  <properties/>
  <testcase name="testTaskCreationAndNoteSheetUpdate()" classname="tests.IntegrationTests" time="0.176"/>
  <system-out><![CDATA[]]></system-out>
  <system-err><![CDATA[]]></system-err>
</testsuite>
