<?xml version="1.0" encoding="UTF-8"?>
<testsuite name="tests.NewTaskTest" tests="8" skipped="0" failures="0" errors="0" timestamp="2023-12-10T20:41:20" hostname="DESKTOP-U7HGV34" time="0.009">
  <properties/>
  <testcase name="testEmptyDueDate()" classname="tests.NewTaskTest" time="0.001"/>
  <testcase name="testEmptyTaskDescriptionAndInvalidDueDate()" classname="tests.NewTaskTest" time="0.0"/>
  <testcase name="testInvalidTaskDescription()" classname="tests.NewTaskTest" time="0.001"/>
  <testcase name="testMouseClickedWithValidDueDate()" classname="tests.NewTaskTest" time="0.001"/>
  <testcase name="testEmptyTaskDescriptionAndDueDate()" classname="tests.NewTaskTest" time="0.001"/>
  <testcase name="testPastDueDate()" classname="tests.NewTaskTest" time="0.001"/>
  <testcase name="testEmptyTaskDescription()" classname="tests.NewTaskTest" time="0.0"/>
  <testcase name="testInvalidTaskDescriptionAndDueDate()" classname="tests.NewTaskTest" time="0.001"/>
  <system-out><![CDATA[]]></system-out>
  <system-err><![CDATA[]]></system-err>
</testsuite>
