<?xml version="1.0" encoding="UTF-8"?>
<testsuite name="tests.MultNoteSheetsUnitTest" tests="3" skipped="0" failures="0" errors="0" timestamp="2023-12-10T20:41:20" hostname="DESKTOP-U7HGV34" time="0.038">
  <properties/>
  <testcase name="testCreateNoteSheet()" classname="tests.MultNoteSheetsUnitTest" time="0.02"/>
  <testcase name="testSaveAndLoadNoteSheets()" classname="tests.MultNoteSheetsUnitTest" time="0.009"/>
  <testcase name="testSwitchNoteSheet()" classname="tests.MultNoteSheetsUnitTest" time="0.007"/>
  <system-out><![CDATA[]]></system-out>
  <system-err><![CDATA[]]></system-err>
</testsuite>
